<?xml version="1.0" encoding="UTF-8"?>
<!-- Generated by org.testng.reporters.JUnitReportReporter -->
<testsuite skipped="0" hostname="mokshagnya" name="com.prameters.ParameterTest" tests="2" failures="0" timestamp="07 Mar 2019 20:34:04 GMT" time="120.202" errors="0">
  <testcase name="username" time="42.440" classname="com.prameters.ParameterTest"/>
  <testcase name="username" time="77.762" classname="com.prameters.ParameterTest"/>
</testsuite> <!-- com.prameters.ParameterTest -->
