<?xml version="1.0" encoding="UTF-8"?>
<!-- Generated by org.testng.reporters.JUnitReportReporter -->
<testsuite skipped="0" hostname="mokshagnya" name="com.prameters.ParameterTest" tests="2" failures="0" timestamp="07 Mar 2019 21:56:44 GMT" time="178.942" errors="0">
  <testcase name="username" time="92.312" classname="com.prameters.ParameterTest"/>
  <testcase name="username" time="86.630" classname="com.prameters.ParameterTest"/>
</testsuite> <!-- com.prameters.ParameterTest -->
