<?xml version="1.0" encoding="UTF-8"?>
<!-- Generated by org.testng.reporters.JUnitReportReporter -->
<testsuite skipped="0" hostname="mokshagnya" name="com.prameters.ParameterTest" tests="2" failures="0" timestamp="07 Mar 2019 21:04:01 GMT" time="77.214" errors="0">
  <testcase name="username" time="36.186" classname="com.prameters.ParameterTest"/>
  <testcase name="username" time="41.028" classname="com.prameters.ParameterTest"/>
</testsuite> <!-- com.prameters.ParameterTest -->
